<!DOCTYPE html>
<html>
<head>
    <title>Unittest Results</title>
    <meta charset="utf-8">
    <meta name="viewport" content="width=device-width, initial-scale=1.0">
    <link rel="stylesheet" href="https://maxcdn.bootstrapcdn.com/bootstrap/3.3.6/css/bootstrap.min.css" integrity="sha384-1q8mTJOASx8j1Au+a5WDVnPi2lkFfwwEAa8hDDdjZlpLegxhjVME1fgjWPGmkzs7" crossorigin="anonymous">
</head>
<body>
    <div class="container">
        <div class="row">
            <div class="col-xs-12">
                <h2 class="text-capitalize">Unittest Results</h2>
                <p class='attribute'><strong>Start Time: </strong>2025-08-09 10:10:41</p>
                <p class='attribute'><strong>Duration: </strong>2.11 s</p>
                <p class='attribute'><strong>Summary: </strong>Total: 6, Pass: 0, Error: 6</p>
            </div>
        </div>
        <div class="row">
            <div class="col-xs-12 col-sm-10 col-md-10">
                <table class='table table-hover table-responsive'>
                    <thead>
                        <tr>
                            <th>__main__.TestCRUD</th>
                            <th>Status</th>
                            <th></th>
                        </tr>
                    </thead>
                    <tbody>
                        <tr class='warning'>
                            <td class="col-xs-10">test_crear_usuario</td>
                            <td class="col-xs-1">
                                <span class="label label-warning" style="display:block;width:40px;">Error</span>
                            </td>
                            <td class="col-xs-1">
                                <button class="btn btn-default btn-xs">View</button>
                            </td>
                        </tr>
                        <tr style="display:none;">
                            <td class="col-xs-9" colspan="3"><p style="color:maroon;">UnboundLocalError: cannot access local variable 'textos' where it is not associated with a value</p><p style="color:maroon;">Traceback (most recent call last):
  File "C:\Users\El apa\proyecto-crud\test\test_crud.py", line 43, in test_crear_usuario
    self.assertTrue(any("NombreQueNoExiste" in texto for texto in textos))
                                                                  ^^^^^^
UnboundLocalError: cannot access local variable 'textos' where it is not associated with a value
</p>
                            </td>
                        </tr>
                        <tr class='warning'>
                            <td class="col-xs-10">test_crear_usuario</td>
                            <td class="col-xs-1">
                                <span class="label label-warning" style="display:block;width:40px;">Error</span>
                            </td>
                            <td class="col-xs-1">
                                <button class="btn btn-default btn-xs">View</button>
                            </td>
                        </tr>
                        <tr style="display:none;">
                            <td class="col-xs-9" colspan="3"><p style="color:maroon;">AttributeError: '_Outcome' object has no attribute 'errors'</p><p style="color:maroon;">Traceback (most recent call last):
  File "C:\Users\El apa\proyecto-crud\test\test_crud.py", line 29, in tearDown
    for method, error in self._outcome.errors:
                         ^^^^^^^^^^^^^^^^^^^^
AttributeError: '_Outcome' object has no attribute 'errors'
</p>
                            </td>
                        </tr>
                        <tr class='warning'>
                            <td class="col-xs-10">test_editar_usuario</td>
                            <td class="col-xs-1">
                                <span class="label label-warning" style="display:block;width:40px;">Error</span>
                            </td>
                            <td class="col-xs-1">
                                <button class="btn btn-default btn-xs">View</button>
                            </td>
                        </tr>
                        <tr style="display:none;">
                            <td class="col-xs-9" colspan="3"><p style="color:maroon;">NoSuchElementException: Message: no such element: Unable to locate element: {"method":"link text","selector":"Editar"}
  (Session info: chrome=139.0.7258.66); For documentation on this error, please visit: https://www.selenium.dev/documentation/webdriver/troubleshooting/errors#nosuchelementexception
Stacktrace:
	GetHandleVerifier [0x0x7ff632eb6b55+79621]
	GetHandleVerifier [0x0x7ff632eb6bb0+79712]
	(No symbol) [0x0x7ff632c4c0ea]
	(No symbol) [0x0x7ff632ca2f56]
	(No symbol) [0x0x7ff632ca320c]
	(No symbol) [0x0x7ff632cf65b7]
	(No symbol) [0x0x7ff632ccb17f]
	(No symbol) [0x0x7ff632cf33d0]
	(No symbol) [0x0x7ff632ccaf13]
	(No symbol) [0x0x7ff632c94151]
	(No symbol) [0x0x7ff632c94ee3]
	GetHandleVerifier [0x0x7ff63317686d+2962461]
	GetHandleVerifier [0x0x7ff633170b8d+2938685]
	GetHandleVerifier [0x0x7ff63318f74d+3064573]
	GetHandleVerifier [0x0x7ff632ed0c9e+186446]
	GetHandleVerifier [0x0x7ff632ed8a6f+218655]
	GetHandleVerifier [0x0x7ff632ebf944+115956]
	GetHandleVerifier [0x0x7ff632ebfaf9+116393]
	GetHandleVerifier [0x0x7ff632ea5f28+10968]
	BaseThreadInitThunk [0x0x7ffc6617e8d7+23]
	RtlUserThreadStart [0x0x7ffc6811c34c+44]
</p><p style="color:maroon;">Traceback (most recent call last):
  File "C:\Users\El apa\proyecto-crud\test\test_crud.py", line 65, in test_editar_usuario
    editar_link = self.driver.find_element(By.LINK_TEXT, "Editar")
  File "C:\Python313\Lib\site-packages\selenium\webdriver\remote\webdriver.py", line 922, in find_element
    return self.execute(Command.FIND_ELEMENT, {"using": by, "value": value})["value"]
           ~~~~~~~~~~~~^^^^^^^^^^^^^^^^^^^^^^^^^^^^^^^^^^^^^^^^^^^^^^^^^^^^^
  File "C:\Python313\Lib\site-packages\selenium\webdriver\remote\webdriver.py", line 454, in execute
    self.error_handler.check_response(response)
    ~~~~~~~~~~~~~~~~~~~~~~~~~~~~~~~~~^^^^^^^^^^
  File "C:\Python313\Lib\site-packages\selenium\webdriver\remote\errorhandler.py", line 232, in check_response
    raise exception_class(message, screen, stacktrace)
selenium.common.exceptions.NoSuchElementException: Message: no such element: Unable to locate element: {"method":"link text","selector":"Editar"}
  (Session info: chrome=139.0.7258.66); For documentation on this error, please visit: https://www.selenium.dev/documentation/webdriver/troubleshooting/errors#nosuchelementexception
Stacktrace:
	GetHandleVerifier [0x0x7ff632eb6b55+79621]
	GetHandleVerifier [0x0x7ff632eb6bb0+79712]
	(No symbol) [0x0x7ff632c4c0ea]
	(No symbol) [0x0x7ff632ca2f56]
	(No symbol) [0x0x7ff632ca320c]
	(No symbol) [0x0x7ff632cf65b7]
	(No symbol) [0x0x7ff632ccb17f]
	(No symbol) [0x0x7ff632cf33d0]
	(No symbol) [0x0x7ff632ccaf13]
	(No symbol) [0x0x7ff632c94151]
	(No symbol) [0x0x7ff632c94ee3]
	GetHandleVerifier [0x0x7ff63317686d+2962461]
	GetHandleVerifier [0x0x7ff633170b8d+2938685]
	GetHandleVerifier [0x0x7ff63318f74d+3064573]
	GetHandleVerifier [0x0x7ff632ed0c9e+186446]
	GetHandleVerifier [0x0x7ff632ed8a6f+218655]
	GetHandleVerifier [0x0x7ff632ebf944+115956]
	GetHandleVerifier [0x0x7ff632ebfaf9+116393]
	GetHandleVerifier [0x0x7ff632ea5f28+10968]
	BaseThreadInitThunk [0x0x7ffc6617e8d7+23]
	RtlUserThreadStart [0x0x7ffc6811c34c+44]

</p>
                            </td>
                        </tr>
                        <tr class='warning'>
                            <td class="col-xs-10">test_editar_usuario</td>
                            <td class="col-xs-1">
                                <span class="label label-warning" style="display:block;width:40px;">Error</span>
                            </td>
                            <td class="col-xs-1">
                                <button class="btn btn-default btn-xs">View</button>
                            </td>
                        </tr>
                        <tr style="display:none;">
                            <td class="col-xs-9" colspan="3"><p style="color:maroon;">AttributeError: '_Outcome' object has no attribute 'errors'</p><p style="color:maroon;">Traceback (most recent call last):
  File "C:\Users\El apa\proyecto-crud\test\test_crud.py", line 29, in tearDown
    for method, error in self._outcome.errors:
                         ^^^^^^^^^^^^^^^^^^^^
AttributeError: '_Outcome' object has no attribute 'errors'
</p>
                            </td>
                        </tr>
                        <tr class='warning'>
                            <td class="col-xs-10">test_eliminar_usuario</td>
                            <td class="col-xs-1">
                                <span class="label label-warning" style="display:block;width:40px;">Error</span>
                            </td>
                            <td class="col-xs-1">
                                <button class="btn btn-default btn-xs">View</button>
                            </td>
                        </tr>
                        <tr style="display:none;">
                            <td class="col-xs-9" colspan="3"><p style="color:maroon;">NoSuchElementException: Message: no such element: Unable to locate element: {"method":"link text","selector":"Eliminar"}
  (Session info: chrome=139.0.7258.66); For documentation on this error, please visit: https://www.selenium.dev/documentation/webdriver/troubleshooting/errors#nosuchelementexception
Stacktrace:
	GetHandleVerifier [0x0x7ff632eb6b55+79621]
	GetHandleVerifier [0x0x7ff632eb6bb0+79712]
	(No symbol) [0x0x7ff632c4c0ea]
	(No symbol) [0x0x7ff632ca2f56]
	(No symbol) [0x0x7ff632ca320c]
	(No symbol) [0x0x7ff632cf65b7]
	(No symbol) [0x0x7ff632ccb17f]
	(No symbol) [0x0x7ff632cf33d0]
	(No symbol) [0x0x7ff632ccaf13]
	(No symbol) [0x0x7ff632c94151]
	(No symbol) [0x0x7ff632c94ee3]
	GetHandleVerifier [0x0x7ff63317686d+2962461]
	GetHandleVerifier [0x0x7ff633170b8d+2938685]
	GetHandleVerifier [0x0x7ff63318f74d+3064573]
	GetHandleVerifier [0x0x7ff632ed0c9e+186446]
	GetHandleVerifier [0x0x7ff632ed8a6f+218655]
	GetHandleVerifier [0x0x7ff632ebf944+115956]
	GetHandleVerifier [0x0x7ff632ebfaf9+116393]
	GetHandleVerifier [0x0x7ff632ea5f28+10968]
	BaseThreadInitThunk [0x0x7ffc6617e8d7+23]
	RtlUserThreadStart [0x0x7ffc6811c34c+44]
</p><p style="color:maroon;">Traceback (most recent call last):
  File "C:\Users\El apa\proyecto-crud\test\test_crud.py", line 88, in test_eliminar_usuario
    eliminar_link = self.driver.find_element(By.LINK_TEXT, "Eliminar")
  File "C:\Python313\Lib\site-packages\selenium\webdriver\remote\webdriver.py", line 922, in find_element
    return self.execute(Command.FIND_ELEMENT, {"using": by, "value": value})["value"]
           ~~~~~~~~~~~~^^^^^^^^^^^^^^^^^^^^^^^^^^^^^^^^^^^^^^^^^^^^^^^^^^^^^
  File "C:\Python313\Lib\site-packages\selenium\webdriver\remote\webdriver.py", line 454, in execute
    self.error_handler.check_response(response)
    ~~~~~~~~~~~~~~~~~~~~~~~~~~~~~~~~~^^^^^^^^^^
  File "C:\Python313\Lib\site-packages\selenium\webdriver\remote\errorhandler.py", line 232, in check_response
    raise exception_class(message, screen, stacktrace)
selenium.common.exceptions.NoSuchElementException: Message: no such element: Unable to locate element: {"method":"link text","selector":"Eliminar"}
  (Session info: chrome=139.0.7258.66); For documentation on this error, please visit: https://www.selenium.dev/documentation/webdriver/troubleshooting/errors#nosuchelementexception
Stacktrace:
	GetHandleVerifier [0x0x7ff632eb6b55+79621]
	GetHandleVerifier [0x0x7ff632eb6bb0+79712]
	(No symbol) [0x0x7ff632c4c0ea]
	(No symbol) [0x0x7ff632ca2f56]
	(No symbol) [0x0x7ff632ca320c]
	(No symbol) [0x0x7ff632cf65b7]
	(No symbol) [0x0x7ff632ccb17f]
	(No symbol) [0x0x7ff632cf33d0]
	(No symbol) [0x0x7ff632ccaf13]
	(No symbol) [0x0x7ff632c94151]
	(No symbol) [0x0x7ff632c94ee3]
	GetHandleVerifier [0x0x7ff63317686d+2962461]
	GetHandleVerifier [0x0x7ff633170b8d+2938685]
	GetHandleVerifier [0x0x7ff63318f74d+3064573]
	GetHandleVerifier [0x0x7ff632ed0c9e+186446]
	GetHandleVerifier [0x0x7ff632ed8a6f+218655]
	GetHandleVerifier [0x0x7ff632ebf944+115956]
	GetHandleVerifier [0x0x7ff632ebfaf9+116393]
	GetHandleVerifier [0x0x7ff632ea5f28+10968]
	BaseThreadInitThunk [0x0x7ffc6617e8d7+23]
	RtlUserThreadStart [0x0x7ffc6811c34c+44]

</p>
                            </td>
                        </tr>
                        <tr class='warning'>
                            <td class="col-xs-10">test_eliminar_usuario</td>
                            <td class="col-xs-1">
                                <span class="label label-warning" style="display:block;width:40px;">Error</span>
                            </td>
                            <td class="col-xs-1">
                                <button class="btn btn-default btn-xs">View</button>
                            </td>
                        </tr>
                        <tr style="display:none;">
                            <td class="col-xs-9" colspan="3"><p style="color:maroon;">AttributeError: '_Outcome' object has no attribute 'errors'</p><p style="color:maroon;">Traceback (most recent call last):
  File "C:\Users\El apa\proyecto-crud\test\test_crud.py", line 29, in tearDown
    for method, error in self._outcome.errors:
                         ^^^^^^^^^^^^^^^^^^^^
AttributeError: '_Outcome' object has no attribute 'errors'
</p>
                            </td>
                        </tr>
                        <tr>
                            <td colspan="3">
                                Total: 6, Pass: 0, Error: 6 -- Duration: 2.11 s
                            </td>
                        </tr>
                    </tbody>
                </table>
            </div>
        </div>
    </div>
    <script src="https://ajax.googleapis.com/ajax/libs/jquery/2.2.4/jquery.min.js"></script>
    <script type="text/javascript">
        $(document).ready(function(){
            $('td').on('click', '.btn', function(e){
                e.preventDefault();
                e.stopImmediatePropagation();
                var $this = $(this);
                var $nextRow = $this.closest('tr').next('tr');
                $nextRow.slideToggle("fast");
                $this.text(function(i, text){
                    if (text === 'View') {
                        return 'Hide';
                    } else {
                        return 'View';
                    };
                });
            });
        });
    </script>
</body>
</html